<?xml version="1.0" encoding="UTF-8" ?>
<testsuite failures="0" time="0.003" errors="0" skipped="0" tests="0" name="edu.ncsu.csc573.project.doogle.test.schema.TestRequestMessages">
  <properties>
    <property name="java.runtime.name" value="Java(TM) SE Runtime Environment"/>
    <property name="sun.boot.library.path" value="/usr/java/jdk1.7.0_01/jre/lib/amd64"/>
    <property name="java.vm.version" value="21.1-b02"/>
    <property name="java.vm.vendor" value="Oracle Corporation"/>
    <property name="java.vendor.url" value="http://java.oracle.com/"/>
    <property name="path.separator" value=":"/>
    <property name="java.vm.name" value="Java HotSpot(TM) 64-Bit Server VM"/>
    <property name="file.encoding.pkg" value="sun.io"/>
    <property name="user.country" value="US"/>
    <property name="sun.java.launcher" value="SUN_STANDARD"/>
    <property name="sun.os.patch.level" value="unknown"/>
    <property name="java.vm.specification.name" value="Java Virtual Machine Specification"/>
    <property name="user.dir" value="/home/doogle-dev/java-workspace/doogle"/>
    <property name="java.runtime.version" value="1.7.0_01-b08"/>
    <property name="java.awt.graphicsenv" value="sun.awt.X11GraphicsEnvironment"/>
    <property name="basedir" value="/home/doogle-dev/java-workspace/doogle"/>
    <property name="java.endorsed.dirs" value="/usr/java/jdk1.7.0_01/jre/lib/endorsed"/>
    <property name="os.arch" value="amd64"/>
    <property name="surefire.real.class.path" value="/home/doogle-dev/java-workspace/doogle/target/surefire/surefirebooter7765214516999314599.jar"/>
    <property name="java.io.tmpdir" value="/tmp"/>
    <property name="line.separator" value="
"/>
    <property name="java.vm.specification.vendor" value="Oracle Corporation"/>
    <property name="os.name" value="Linux"/>
    <property name="sun.jnu.encoding" value="UTF-8"/>
    <property name="java.library.path" value="/usr/java/packages/lib/amd64:/usr/lib64:/lib64:/lib:/usr/lib"/>
    <property name="surefire.test.class.path" value="/home/doogle-dev/java-workspace/doogle/target/test-classes:/home/doogle-dev/java-workspace/doogle/target/classes:/home/doogle-dev/.m2/repository/javax/xml/bind/jaxb-api/2.0/jaxb-api-2.0.jar:/home/doogle-dev/.m2/repository/javax/xml/bind/jsr173_api/1.0/jsr173_api-1.0.jar:/home/doogle-dev/.m2/repository/javax/activation/activation/1.1/activation-1.1.jar:"/>
    <property name="java.specification.name" value="Java Platform API Specification"/>
    <property name="java.class.version" value="51.0"/>
    <property name="sun.management.compiler" value="HotSpot 64-Bit Tiered Compilers"/>
    <property name="os.version" value="2.6.38.6-26.rc1.fc15.x86_64"/>
    <property name="user.home" value="/home/doogle-dev"/>
    <property name="user.timezone" value=""/>
    <property name="java.awt.printerjob" value="sun.print.PSPrinterJob"/>
    <property name="file.encoding" value="UTF-8"/>
    <property name="java.specification.version" value="1.7"/>
    <property name="user.name" value="doogle-dev"/>
    <property name="java.class.path" value="/home/doogle-dev/java-workspace/doogle/target/test-classes:/home/doogle-dev/java-workspace/doogle/target/classes:/home/doogle-dev/.m2/repository/javax/xml/bind/jaxb-api/2.0/jaxb-api-2.0.jar:/home/doogle-dev/.m2/repository/javax/xml/bind/jsr173_api/1.0/jsr173_api-1.0.jar:/home/doogle-dev/.m2/repository/javax/activation/activation/1.1/activation-1.1.jar:"/>
    <property name="java.vm.specification.version" value="1.7"/>
    <property name="sun.arch.data.model" value="64"/>
    <property name="java.home" value="/usr/java/jdk1.7.0_01/jre"/>
    <property name="sun.java.command" value="/home/doogle-dev/java-workspace/doogle/target/surefire/surefirebooter7765214516999314599.jar /home/doogle-dev/java-workspace/doogle/target/surefire/surefire3959588667638745525tmp /home/doogle-dev/java-workspace/doogle/target/surefire/surefire5504450948959202906tmp"/>
    <property name="java.specification.vendor" value="Oracle Corporation"/>
    <property name="user.language" value="en"/>
    <property name="awt.toolkit" value="sun.awt.X11.XToolkit"/>
    <property name="java.vm.info" value="mixed mode"/>
    <property name="java.version" value="1.7.0_01"/>
    <property name="java.ext.dirs" value="/usr/java/jdk1.7.0_01/jre/lib/ext:/usr/java/packages/lib/ext"/>
    <property name="sun.boot.class.path" value="/usr/java/jdk1.7.0_01/jre/lib/resources.jar:/usr/java/jdk1.7.0_01/jre/lib/rt.jar:/usr/java/jdk1.7.0_01/jre/lib/sunrsasign.jar:/usr/java/jdk1.7.0_01/jre/lib/jsse.jar:/usr/java/jdk1.7.0_01/jre/lib/jce.jar:/usr/java/jdk1.7.0_01/jre/lib/charsets.jar:/usr/java/jdk1.7.0_01/jre/classes"/>
    <property name="java.vendor" value="Oracle Corporation"/>
    <property name="localRepository" value="/home/doogle-dev/.m2/repository"/>
    <property name="file.separator" value="/"/>
    <property name="java.vendor.url.bug" value="http://bugreport.sun.com/bugreport/"/>
    <property name="sun.cpu.endian" value="little"/>
    <property name="sun.io.unicode.encoding" value="UnicodeLittle"/>
    <property name="sun.desktop" value="gnome"/>
    <property name="sun.cpu.isalist" value=""/>
  </properties>
</testsuite>